WARNING:root:The OGB package is out of date. Your version is 1.3.5, while the latest version is 1.3.6.
/ram/USERS/bendan/software/minicoda3/envs/GRAND/lib/python3.10/site-packages/torch_geometric/data/in_memory_dataset.py:157: UserWarning: It is not recommended to directly access the internal storage format `data` of an 'InMemoryDataset'. If you are absolutely certain what you are doing, access the internal storage via `InMemoryDataset._data` instead to suppress this warning. Alternatively, you can access stacked individual attributes of every graph via `dataset.{attr_name}`.
  warnings.warn(msg)
Traceback (most recent call last):
  File "/ram/USERS/bendan/NIPS/GRAND/run_GNN.py", line 492, in <module>
    main(opt)
  File "/ram/USERS/bendan/NIPS/GRAND/run_GNN.py", line 299, in main
    loss = train(model, optimizer, data, pos_encoding)
  File "/ram/USERS/bendan/NIPS/GRAND/run_GNN.py", line 85, in train
    out = model(feat, pos_encoding)
  File "/ram/USERS/bendan/software/minicoda3/envs/GRAND/lib/python3.10/site-packages/torch/nn/modules/module.py", line 1130, in _call_impl
    return forward_call(*input, **kwargs)
  File "/ram/USERS/bendan/NIPS/GRAND/GNN_early.py", line 65, in forward
    x, z1 = GTV(x,z1)
UnboundLocalError: local variable 'z1' referenced before assignment
WARNING:root:The OGB package is out of date. Your version is 1.3.5, while the latest version is 1.3.6.
/ram/USERS/bendan/software/minicoda3/envs/GRAND/lib/python3.10/site-packages/torch_geometric/data/in_memory_dataset.py:157: UserWarning: It is not recommended to directly access the internal storage format `data` of an 'InMemoryDataset'. If you are absolutely certain what you are doing, access the internal storage via `InMemoryDataset._data` instead to suppress this warning. Alternatively, you can access stacked individual attributes of every graph via `dataset.{attr_name}`.
  warnings.warn(msg)
Traceback (most recent call last):
  File "/ram/USERS/bendan/NIPS/GRAND/run_GNN.py", line 492, in <module>
    main(opt)
  File "/ram/USERS/bendan/NIPS/GRAND/run_GNN.py", line 299, in main
    loss = train(model, optimizer, data, pos_encoding)
  File "/ram/USERS/bendan/NIPS/GRAND/run_GNN.py", line 85, in train
    out = model(feat, pos_encoding)
  File "/ram/USERS/bendan/software/minicoda3/envs/GRAND/lib/python3.10/site-packages/torch/nn/modules/module.py", line 1130, in _call_impl
    return forward_call(*input, **kwargs)
  File "/ram/USERS/bendan/NIPS/GRAND/GNN_early.py", line 65, in forward
    x, z1 = GTV(x,z1)
UnboundLocalError: local variable 'z1' referenced before assignment
WARNING:root:The OGB package is out of date. Your version is 1.3.5, while the latest version is 1.3.6.
/ram/USERS/bendan/software/minicoda3/envs/GRAND/lib/python3.10/site-packages/torch_geometric/data/in_memory_dataset.py:157: UserWarning: It is not recommended to directly access the internal storage format `data` of an 'InMemoryDataset'. If you are absolutely certain what you are doing, access the internal storage via `InMemoryDataset._data` instead to suppress this warning. Alternatively, you can access stacked individual attributes of every graph via `dataset.{attr_name}`.
  warnings.warn(msg)
/ram/USERS/bendan/software/minicoda3/envs/GRAND/lib/python3.10/site-packages/torchdiffeq/_impl/misc.py:11: UserWarning: Dopri5Solver: Unexpected arguments {'step_size': 1, 'max_iters': 100}
  warnings.warn('{}: Unexpected arguments {}'.format(solver.__class__.__name__, unused_kwargs))
/ram/USERS/bendan/software/minicoda3/envs/GRAND/lib/python3.10/site-packages/torchdiffeq/_impl/misc.py:11: UserWarning: EarlyStopDopri5: Unexpected arguments {'step_size': 1, 'max_iters': 100}
  warnings.warn('{}: Unexpected arguments {}'.format(solver.__class__.__name__, unused_kwargs))
WARNING:root:The OGB package is out of date. Your version is 1.3.5, while the latest version is 1.3.6.
WARNING:root:The OGB package is out of date. Your version is 1.3.5, while the latest version is 1.3.6.
/ram/USERS/bendan/software/minicoda3/envs/GRAND/lib/python3.10/site-packages/torch_geometric/data/in_memory_dataset.py:157: UserWarning: It is not recommended to directly access the internal storage format `data` of an 'InMemoryDataset'. If you are absolutely certain what you are doing, access the internal storage via `InMemoryDataset._data` instead to suppress this warning. Alternatively, you can access stacked individual attributes of every graph via `dataset.{attr_name}`.
  warnings.warn(msg)
/ram/USERS/bendan/software/minicoda3/envs/GRAND/lib/python3.10/site-packages/torchdiffeq/_impl/misc.py:11: UserWarning: Dopri5Solver: Unexpected arguments {'step_size': 1, 'max_iters': 100}
  warnings.warn('{}: Unexpected arguments {}'.format(solver.__class__.__name__, unused_kwargs))
/ram/USERS/bendan/software/minicoda3/envs/GRAND/lib/python3.10/site-packages/torchdiffeq/_impl/misc.py:11: UserWarning: EarlyStopDopri5: Unexpected arguments {'step_size': 1, 'max_iters': 100}
  warnings.warn('{}: Unexpected arguments {}'.format(solver.__class__.__name__, unused_kwargs))
/ram/USERS/bendan/software/minicoda3/envs/GRAND/lib/python3.10/site-packages/torch_geometric/data/in_memory_dataset.py:157: UserWarning: It is not recommended to directly access the internal storage format `data` of an 'InMemoryDataset'. If you are absolutely certain what you are doing, access the internal storage via `InMemoryDataset._data` instead to suppress this warning. Alternatively, you can access stacked individual attributes of every graph via `dataset.{attr_name}`.
  warnings.warn(msg)
/ram/USERS/bendan/software/minicoda3/envs/GRAND/lib/python3.10/site-packages/torchdiffeq/_impl/misc.py:11: UserWarning: Dopri5Solver: Unexpected arguments {'step_size': 1, 'max_iters': 100}
  warnings.warn('{}: Unexpected arguments {}'.format(solver.__class__.__name__, unused_kwargs))
/ram/USERS/bendan/software/minicoda3/envs/GRAND/lib/python3.10/site-packages/torchdiffeq/_impl/misc.py:11: UserWarning: EarlyStopDopri5: Unexpected arguments {'step_size': 1, 'max_iters': 100}
  warnings.warn('{}: Unexpected arguments {}'.format(solver.__class__.__name__, unused_kwargs))
WARNING:root:The OGB package is out of date. Your version is 1.3.5, while the latest version is 1.3.6.
WARNING:root:The OGB package is out of date. Your version is 1.3.5, while the latest version is 1.3.6.
/ram/USERS/bendan/software/minicoda3/envs/GRAND/lib/python3.10/site-packages/torch_geometric/data/in_memory_dataset.py:157: UserWarning: It is not recommended to directly access the internal storage format `data` of an 'InMemoryDataset'. If you are absolutely certain what you are doing, access the internal storage via `InMemoryDataset._data` instead to suppress this warning. Alternatively, you can access stacked individual attributes of every graph via `dataset.{attr_name}`.
  warnings.warn(msg)
/ram/USERS/bendan/software/minicoda3/envs/GRAND/lib/python3.10/site-packages/torchdiffeq/_impl/misc.py:11: UserWarning: Dopri5Solver: Unexpected arguments {'step_size': 1, 'max_iters': 100}
  warnings.warn('{}: Unexpected arguments {}'.format(solver.__class__.__name__, unused_kwargs))
/ram/USERS/bendan/software/minicoda3/envs/GRAND/lib/python3.10/site-packages/torchdiffeq/_impl/misc.py:11: UserWarning: EarlyStopDopri5: Unexpected arguments {'step_size': 1, 'max_iters': 100}
  warnings.warn('{}: Unexpected arguments {}'.format(solver.__class__.__name__, unused_kwargs))
Traceback (most recent call last):
  File "/ram/USERS/bendan/NIPS/GRAND/run_GNN.py", line 492, in <module>
    main(opt)
  File "/ram/USERS/bendan/NIPS/GRAND/run_GNN.py", line 258, in main
    dataset = get_dataset(opt, DATA_DIR, opt['not_lcc'])
  File "/ram/USERS/bendan/NIPS/GRAND/data.py", line 58, in get_dataset
    dataset = custom_Classification(name=ds, root=path)
  File "/ram/USERS/bendan/NIPS/GRAND/custom_data.py", line 95, in __init__
    self.data = self.collate(x, y, edges)
  File "/ram/USERS/bendan/NIPS/GRAND/custom_data.py", line 122, in collate
    all_edge = np.concatenate([all_edge, edge+(x[i].shape[0])*i], axis=1)
  File "<__array_function__ internals>", line 180, in concatenate
KeyboardInterrupt
WARNING:root:The OGB package is out of date. Your version is 1.3.5, while the latest version is 1.3.6.
/ram/USERS/bendan/software/minicoda3/envs/GRAND/lib/python3.10/site-packages/torch_geometric/data/in_memory_dataset.py:157: UserWarning: It is not recommended to directly access the internal storage format `data` of an 'InMemoryDataset'. If you are absolutely certain what you are doing, access the internal storage via `InMemoryDataset._data` instead to suppress this warning. Alternatively, you can access stacked individual attributes of every graph via `dataset.{attr_name}`.
  warnings.warn(msg)
/ram/USERS/bendan/software/minicoda3/envs/GRAND/lib/python3.10/site-packages/torchdiffeq/_impl/misc.py:11: UserWarning: Dopri5Solver: Unexpected arguments {'step_size': 1, 'max_iters': 100}
  warnings.warn('{}: Unexpected arguments {}'.format(solver.__class__.__name__, unused_kwargs))
/ram/USERS/bendan/software/minicoda3/envs/GRAND/lib/python3.10/site-packages/torchdiffeq/_impl/misc.py:11: UserWarning: EarlyStopDopri5: Unexpected arguments {'step_size': 1, 'max_iters': 100}
  warnings.warn('{}: Unexpected arguments {}'.format(solver.__class__.__name__, unused_kwargs))
WARNING:root:The OGB package is out of date. Your version is 1.3.5, while the latest version is 1.3.6.
/ram/USERS/bendan/software/minicoda3/envs/GRAND/lib/python3.10/site-packages/torch_geometric/data/in_memory_dataset.py:157: UserWarning: It is not recommended to directly access the internal storage format `data` of an 'InMemoryDataset'. If you are absolutely certain what you are doing, access the internal storage via `InMemoryDataset._data` instead to suppress this warning. Alternatively, you can access stacked individual attributes of every graph via `dataset.{attr_name}`.
  warnings.warn(msg)
/ram/USERS/bendan/software/minicoda3/envs/GRAND/lib/python3.10/site-packages/torchdiffeq/_impl/misc.py:11: UserWarning: Dopri5Solver: Unexpected arguments {'step_size': 1, 'max_iters': 100}
  warnings.warn('{}: Unexpected arguments {}'.format(solver.__class__.__name__, unused_kwargs))
/ram/USERS/bendan/software/minicoda3/envs/GRAND/lib/python3.10/site-packages/torchdiffeq/_impl/misc.py:11: UserWarning: EarlyStopDopri5: Unexpected arguments {'step_size': 1, 'max_iters': 100}
  warnings.warn('{}: Unexpected arguments {}'.format(solver.__class__.__name__, unused_kwargs))
WARNING:root:The OGB package is out of date. Your version is 1.3.5, while the latest version is 1.3.6.
/ram/USERS/bendan/software/minicoda3/envs/GRAND/lib/python3.10/site-packages/torch_geometric/data/in_memory_dataset.py:157: UserWarning: It is not recommended to directly access the internal storage format `data` of an 'InMemoryDataset'. If you are absolutely certain what you are doing, access the internal storage via `InMemoryDataset._data` instead to suppress this warning. Alternatively, you can access stacked individual attributes of every graph via `dataset.{attr_name}`.
  warnings.warn(msg)
/ram/USERS/bendan/software/minicoda3/envs/GRAND/lib/python3.10/site-packages/torchdiffeq/_impl/misc.py:11: UserWarning: Dopri5Solver: Unexpected arguments {'step_size': 1, 'max_iters': 100}
  warnings.warn('{}: Unexpected arguments {}'.format(solver.__class__.__name__, unused_kwargs))
/ram/USERS/bendan/software/minicoda3/envs/GRAND/lib/python3.10/site-packages/torchdiffeq/_impl/misc.py:11: UserWarning: EarlyStopDopri5: Unexpected arguments {'step_size': 1, 'max_iters': 100}
  warnings.warn('{}: Unexpected arguments {}'.format(solver.__class__.__name__, unused_kwargs))
WARNING:root:The OGB package is out of date. Your version is 1.3.5, while the latest version is 1.3.6.
/ram/USERS/bendan/software/minicoda3/envs/GRAND/lib/python3.10/site-packages/torch_geometric/data/in_memory_dataset.py:157: UserWarning: It is not recommended to directly access the internal storage format `data` of an 'InMemoryDataset'. If you are absolutely certain what you are doing, access the internal storage via `InMemoryDataset._data` instead to suppress this warning. Alternatively, you can access stacked individual attributes of every graph via `dataset.{attr_name}`.
  warnings.warn(msg)
/ram/USERS/bendan/software/minicoda3/envs/GRAND/lib/python3.10/site-packages/torchdiffeq/_impl/misc.py:11: UserWarning: Dopri5Solver: Unexpected arguments {'step_size': 1, 'max_iters': 100}
  warnings.warn('{}: Unexpected arguments {}'.format(solver.__class__.__name__, unused_kwargs))
/ram/USERS/bendan/software/minicoda3/envs/GRAND/lib/python3.10/site-packages/torchdiffeq/_impl/misc.py:11: UserWarning: EarlyStopDopri5: Unexpected arguments {'step_size': 1, 'max_iters': 100}
  warnings.warn('{}: Unexpected arguments {}'.format(solver.__class__.__name__, unused_kwargs))
